# JRE version: OpenJDK Runtime Environment (8.0_252-b09) (build 1.8.0_252-8u252-b09-1~16.04-b09)
# Java VM: OpenJDK 64-Bit Server VM (25.252-b09 mixed mode linux-amd64 compressed oops)
Heap:
 PSYoungGen      total 264704K, used 8686K [0x00000000e6180000, 0x00000000f6e00000, 0x0000000100000000)
  eden space 256000K, 0% used [0x00000000e6180000,0x00000000e6180000,0x00000000f5b80000)
  from space 8704K, 99% used [0x00000000f5d00000,0x00000000f657b980,0x00000000f6580000)
  to   space 5632K, 0% used [0x00000000f6880000,0x00000000f6880000,0x00000000f6e00000)
 ParOldGen       total 58368K, used 27325K [0x00000000b2400000, 0x00000000b5d00000, 0x00000000e6180000)
  object space 58368K, 46% used [0x00000000b2400000,0x00000000b3eaf4b8,0x00000000b5d00000)
 Metaspace       used 52153K, capacity 55232K, committed 55552K, reserved 1097728K
  class space    used 7052K, capacity 7582K, committed 7680K, reserved 1048576K
GC Heap History (10 events):
Event: 5,006 GC heap after
Heap after GC invocations=10 (full 1):
 PSYoungGen      total 166400K, used 5109K [0x00000000e6180000, 0x00000000f2800000, 0x0000000100000000)
  eden space 158208K, 0% used [0x00000000e6180000,0x00000000e6180000,0x00000000efc00000)
  from space 8192K, 62% used [0x00000000efc00000,0x00000000f00fd408,0x00000000f0400000)
  to   space 8192K, 0% used [0x00000000f2000000,0x00000000f2000000,0x00000000f2800000)
 ParOldGen       total 34304K, used 4809K [0x00000000b2400000, 0x00000000b4580000, 0x00000000e6180000)
  object space 34304K, 14% used [0x00000000b2400000,0x00000000b28b2598,0x00000000b4580000)
 Metaspace       used 24820K, capacity 26410K, committed 26496K, reserved 1073152K
  class space    used 3116K, capacity 3439K, committed 3456K, reserved 1048576K
}
Event: 5,392 GC heap before
{Heap before GC invocations=11 (full 1):
 PSYoungGen      total 166400K, used 163317K [0x00000000e6180000, 0x00000000f2800000, 0x0000000100000000)
  eden space 158208K, 100% used [0x00000000e6180000,0x00000000efc00000,0x00000000efc00000)
  from space 8192K, 62% used [0x00000000efc00000,0x00000000f00fd408,0x00000000f0400000)
  to   space 8192K, 0% used [0x00000000f2000000,0x00000000f2000000,0x00000000f2800000)
 ParOldGen       total 34304K, used 4809K [0x00000000b2400000, 0x00000000b4580000, 0x00000000e6180000)
  object space 34304K, 14% used [0x00000000b2400000,0x00000000b28b2598,0x00000000b4580000)
 Metaspace       used 25102K, capacity 26734K, committed 26880K, reserved 1073152K
  class space    used 3147K, capacity 3479K, committed 3584K, reserved 1048576K
Event: 5,405 GC heap after
Heap after GC invocations=11 (full 1):
 PSYoungGen      total 195072K, used 2477K [0x00000000e6180000, 0x00000000f4a80000, 0x0000000100000000)
  eden space 186880K, 0% used [0x00000000e6180000,0x00000000e6180000,0x00000000f1800000)
  from space 8192K, 30% used [0x00000000f2000000,0x00000000f226b4c8,0x00000000f2800000)
  to   space 8192K, 0% used [0x00000000f1800000,0x00000000f1800000,0x00000000f2000000)
 ParOldGen       total 34304K, used 7155K [0x00000000b2400000, 0x00000000b4580000, 0x00000000e6180000)
  object space 34304K, 20% used [0x00000000b2400000,0x00000000b2afce10,0x00000000b4580000)
 Metaspace       used 25102K, capacity 26734K, committed 26880K, reserved 1073152K
  class space    used 3147K, capacity 3479K, committed 3584K, reserved 1048576K
}
Event: 7,076 GC heap before
{Heap before GC invocations=12 (full 1):
 PSYoungGen      total 195072K, used 189357K [0x00000000e6180000, 0x00000000f4a80000, 0x0000000100000000)
  eden space 186880K, 100% used [0x00000000e6180000,0x00000000f1800000,0x00000000f1800000)
  from space 8192K, 30% used [0x00000000f2000000,0x00000000f226b4c8,0x00000000f2800000)
  to   space 8192K, 0% used [0x00000000f1800000,0x00000000f1800000,0x00000000f2000000)
 ParOldGen       total 34304K, used 7155K [0x00000000b2400000, 0x00000000b4580000, 0x00000000e6180000)
  object space 34304K, 20% used [0x00000000b2400000,0x00000000b2afce10,0x00000000b4580000)
 Metaspace       used 29454K, capacity 31466K, committed 31744K, reserved 1077248K
  class space    used 3849K, capacity 4243K, committed 4352K, reserved 1048576K
Event: 7,106 GC heap after
Heap after GC invocations=12 (full 1):
 PSYoungGen      total 195072K, used 6667K [0x00000000e6180000, 0x00000000f7100000, 0x0000000100000000)
  eden space 186880K, 0% used [0x00000000e6180000,0x00000000e6180000,0x00000000f1800000)
  from space 8192K, 81% used [0x00000000f1800000,0x00000000f1e82f38,0x00000000f2000000)
  to   space 8704K, 0% used [0x00000000f6880000,0x00000000f6880000,0x00000000f7100000)
 ParOldGen       total 34304K, used 9077K [0x00000000b2400000, 0x00000000b4580000, 0x00000000e6180000)
  object space 34304K, 26% used [0x00000000b2400000,0x00000000b2cdd5e8,0x00000000b4580000)
 Metaspace       used 29454K, capacity 31466K, committed 31744K, reserved 1077248K
  class space    used 3849K, capacity 4243K, committed 4352K, reserved 1048576K
}
Event: 8,737 GC heap before
{Heap before GC invocations=13 (full 1):
 PSYoungGen      total 195072K, used 89857K [0x00000000e6180000, 0x00000000f7100000, 0x0000000100000000)
  eden space 186880K, 44% used [0x00000000e6180000,0x00000000eb2bd7d8,0x00000000f1800000)
  from space 8192K, 81% used [0x00000000f1800000,0x00000000f1e82f38,0x00000000f2000000)
  to   space 8704K, 0% used [0x00000000f6880000,0x00000000f6880000,0x00000000f7100000)
 ParOldGen       total 34304K, used 9077K [0x00000000b2400000, 0x00000000b4580000, 0x00000000e6180000)
  object space 34304K, 26% used [0x00000000b2400000,0x00000000b2cdd5e8,0x00000000b4580000)
 Metaspace       used 33334K, capacity 35440K, committed 35456K, reserved 1079296K
  class space    used 4324K, capacity 4730K, committed 4736K, reserved 1048576K
Event: 8,750 GC heap after
Heap after GC invocations=13 (full 1):
 PSYoungGen      total 261632K, used 5463K [0x00000000e6180000, 0x00000000f6e00000, 0x0000000100000000)
  eden space 256000K, 0% used [0x00000000e6180000,0x00000000e6180000,0x00000000f5b80000)
  from space 5632K, 97% used [0x00000000f6880000,0x00000000f6dd5e00,0x00000000f6e00000)
  to   space 8704K, 0% used [0x00000000f5d00000,0x00000000f5d00000,0x00000000f6580000)
 ParOldGen       total 34304K, used 11109K [0x00000000b2400000, 0x00000000b4580000, 0x00000000e6180000)
  object space 34304K, 32% used [0x00000000b2400000,0x00000000b2ed95e8,0x00000000b4580000)
 Metaspace       used 33334K, capacity 35440K, committed 35456K, reserved 1079296K
  class space    used 4324K, capacity 4730K, committed 4736K, reserved 1048576K
}
Event: 8,750 GC heap before
{Heap before GC invocations=14 (full 2):
 PSYoungGen      total 261632K, used 5463K [0x00000000e6180000, 0x00000000f6e00000, 0x0000000100000000)
  eden space 256000K, 0% used [0x00000000e6180000,0x00000000e6180000,0x00000000f5b80000)
  from space 5632K, 97% used [0x00000000f6880000,0x00000000f6dd5e00,0x00000000f6e00000)
  to   space 8704K, 0% used [0x00000000f5d00000,0x00000000f5d00000,0x00000000f6580000)
 ParOldGen       total 34304K, used 11109K [0x00000000b2400000, 0x00000000b4580000, 0x00000000e6180000)
  object space 34304K, 32% used [0x00000000b2400000,0x00000000b2ed95e8,0x00000000b4580000)
 Metaspace       used 33334K, capacity 35440K, committed 35456K, reserved 1079296K
  class space    used 4324K, capacity 4730K, committed 4736K, reserved 1048576K
Event: 8,886 GC heap after
Heap after GC invocations=14 (full 2):
 PSYoungGen      total 261632K, used 0K [0x00000000e6180000, 0x00000000f6e00000, 0x0000000100000000)
  eden space 256000K, 0% used [0x00000000e6180000,0x00000000e6180000,0x00000000f5b80000)
  from space 5632K, 0% used [0x00000000f6880000,0x00000000f6880000,0x00000000f6e00000)
  to   space 8704K, 0% used [0x00000000f5d00000,0x00000000f5d00000,0x00000000f6580000)
 ParOldGen       total 58368K, used 14712K [0x00000000b2400000, 0x00000000b5d00000, 0x00000000e6180000)
  object space 58368K, 25% used [0x00000000b2400000,0x00000000b325e2d0,0x00000000b5d00000)
 Metaspace       used 33334K, capacity 35440K, committed 35456K, reserved 1079296K
  class space    used 4324K, capacity 4730K, committed 4736K, reserved 1048576K
}
Event: 16,346 GC heap before
{Heap before GC invocations=15 (full 2):
 PSYoungGen      total 261632K, used 256000K [0x00000000e6180000, 0x00000000f6e00000, 0x0000000100000000)
  eden space 256000K, 100% used [0x00000000e6180000,0x00000000f5b80000,0x00000000f5b80000)
  from space 5632K, 0% used [0x00000000f6880000,0x00000000f6880000,0x00000000f6e00000)
  to   space 8704K, 0% used [0x00000000f5d00000,0x00000000f5d00000,0x00000000f6580000)
 ParOldGen       total 58368K, used 14712K [0x00000000b2400000, 0x00000000b5d00000, 0x00000000e6180000)
  object space 58368K, 25% used [0x00000000b2400000,0x00000000b325e2d0,0x00000000b5d00000)
 Metaspace       used 52153K, capacity 55232K, committed 55552K, reserved 1097728K
  class space    used 7052K, capacity 7582K, committed 7680K, reserved 1048576K

